
> @humansignal/source@0.0.0 build
> NODE_ENV=production yarn ls:build --verbose

yarn run v1.22.22
$ nx run labelstudio:build:production --verbose

> nx run labelstudio:build:production

assets by status 9.93 MiB [cached] 285 assets
Entrypoint main = runtime.js vendor.js main.css main.js 270 auxiliary assets
  
WARNING in ../../libs/editor/src/components/App/Grid.module.scss (../../libs/editor/src/components/App/Grid.module.scss.webpack[javascript/auto]!=!../../node_modules/@nx/webpack/node_modules/css-loader/dist/cjs.js??ruleSet[1].rules[5].oneOf[1].use[1]!../../node_modules/@nx/webpack/node_modules/postcss-loader/dist/cjs.js??ruleSet[1].rules[5].oneOf[1].use[2]!../../node_modules/sass-loader/dist/cjs.js??ruleSet[1].rules[5].oneOf[1].use[3]!../../libs/editor/src/components/App/Grid.module.scss)
Module Warning (from ../../node_modules/sass-loader/dist/cjs.js):
Deprecation Warning on line 0, column 8 of file:///Users/wangfeng/Desktop/projects/label-studio-develop/web/libs/editor/src/assets/styles/global.scss:0:8:
Sass @import rules are deprecated and will be removed in Dart Sass 3.0.0.
More info and automated migrator: https://sass-lang.com/d/import
0 | @import "./antd-no-reset";
libs/editor/src/assets/styles/global.scss 1:9        @import
libs/editor/src/components/App/Grid.module.scss 2:9  root stylesheet
 @ ../../libs/editor/src/components/App/Grid.module.scss
 @ ../../libs/editor/src/components/App/Grid.jsx 5:0-40 149:17-33 152:19-30 208:19-30 215:19-31
 @ ../../libs/editor/src/components/App/ViewAll.tsx 5:0-26 46:36-40 54:27-31
 @ ../../libs/editor/src/components/App/App.jsx 49:0-36 186:29-36
 @ ../../libs/editor/src/LabelStudio.tsx 8:0-39 99:31-34 168:27-30
 @ ../../libs/editor/src/index.js 3:0-44 4:21-32 5:15-26 6:0-23
 @ ./src/pages/DataManager/DataManager.jsx
 @ ./src/pages/Projects/Projects.jsx 12:0-61 141:4-19
 @ ./src/pages/index.js 1:0-51 8:53-65
 @ ./src/providers/RoutesProvider.jsx 4:0-33 51:27-32
 @ ./src/app/App.jsx 14:0-61 75:231-245
 @ ./src/main.tsx
WARNING in ../../libs/editor/src/components/App/Grid.module.scss (../../libs/editor/src/components/App/Grid.module.scss.webpack[javascript/auto]!=!../../node_modules/@nx/webpack/node_modules/css-loader/dist/cjs.js??ruleSet[1].rules[5].oneOf[1].use[1]!../../node_modules/@nx/webpack/node_modules/postcss-loader/dist/cjs.js??ruleSet[1].rules[5].oneOf[1].use[2]!../../node_modules/sass-loader/dist/cjs.js??ruleSet[1].rules[5].oneOf[1].use[3]!../../libs/editor/src/components/App/Grid.module.scss)
Module Warning (from ../../node_modules/sass-loader/dist/cjs.js):
Deprecation Warning on line 1, column 8 of file:///Users/wangfeng/Desktop/projects/label-studio-develop/web/libs/editor/src/assets/styles/global.scss:1:8:
Sass @import rules are deprecated and will be removed in Dart Sass 3.0.0.
More info and automated migrator: https://sass-lang.com/d/import
1 | @import "./variables";
libs/editor/src/assets/styles/global.scss 2:9        @import
libs/editor/src/components/App/Grid.module.scss 2:9  root stylesheet
 @ ../../libs/editor/src/components/App/Grid.module.scss
 @ ../../libs/editor/src/components/App/Grid.jsx 5:0-40 149:17-33 152:19-30 208:19-30 215:19-31
 @ ../../libs/editor/src/components/App/ViewAll.tsx 5:0-26 46:36-40 54:27-31
 @ ../../libs/editor/src/components/App/App.jsx 49:0-36 186:29-36
 @ ../../libs/editor/src/LabelStudio.tsx 8:0-39 99:31-34 168:27-30
 @ ../../libs/editor/src/index.js 3:0-44 4:21-32 5:15-26 6:0-23
 @ ./src/pages/DataManager/DataManager.jsx
 @ ./src/pages/Projects/Projects.jsx 12:0-61 141:4-19
 @ ./src/pages/index.js 1:0-51 8:53-65
 @ ./src/providers/RoutesProvider.jsx 4:0-33 51:27-32
 @ ./src/app/App.jsx 14:0-61 75:231-245
 @ ./src/main.tsx
WARNING in ../../libs/editor/src/components/App/Grid.module.scss (../../libs/editor/src/components/App/Grid.module.scss.webpack[javascript/auto]!=!../../node_modules/@nx/webpack/node_modules/css-loader/dist/cjs.js??ruleSet[1].rules[5].oneOf[1].use[1]!../../node_modules/@nx/webpack/node_modules/postcss-loader/dist/cjs.js??ruleSet[1].rules[5].oneOf[1].use[2]!../../node_modules/sass-loader/dist/cjs.js??ruleSet[1].rules[5].oneOf[1].use[3]!../../libs/editor/src/components/App/Grid.module.scss)
Module Warning (from ../../node_modules/sass-loader/dist/cjs.js):
Deprecation Warning on line 1, column 8 of file:///Users/wangfeng/Desktop/projects/label-studio-develop/web/libs/editor/src/components/App/Grid.module.scss:1:8:
Sass @import rules are deprecated and will be removed in Dart Sass 3.0.0.
More info and automated migrator: https://sass-lang.com/d/import
1 | @import "../../assets/styles/global";
libs/editor/src/components/App/Grid.module.scss 2:9  root stylesheet
 @ ../../libs/editor/src/components/App/Grid.module.scss
 @ ../../libs/editor/src/components/App/Grid.jsx 5:0-40 149:17-33 152:19-30 208:19-30 215:19-31
 @ ../../libs/editor/src/components/App/ViewAll.tsx 5:0-26 46:36-40 54:27-31
 @ ../../libs/editor/src/components/App/App.jsx 49:0-36 186:29-36
 @ ../../libs/editor/src/LabelStudio.tsx 8:0-39 99:31-34 168:27-30
 @ ../../libs/editor/src/index.js 3:0-44 4:21-32 5:15-26 6:0-23
 @ ./src/pages/DataManager/DataManager.jsx
 @ ./src/pages/Projects/Projects.jsx 12:0-61 141:4-19
 @ ./src/pages/index.js 1:0-51 8:53-65
 @ ./src/providers/RoutesProvider.jsx 4:0-33 51:27-32
 @ ./src/app/App.jsx 14:0-61 75:231-245
 @ ./src/main.tsx
WARNING in ../../libs/editor/src/components/App/Grid.module.scss (../../libs/editor/src/components/App/Grid.module.scss.webpack[javascript/auto]!=!../../node_modules/@nx/webpack/node_modules/css-loader/dist/cjs.js??ruleSet[1].rules[5].oneOf[1].use[1]!../../node_modules/@nx/webpack/node_modules/postcss-loader/dist/cjs.js??ruleSet[1].rules[5].oneOf[1].use[2]!../../node_modules/sass-loader/dist/cjs.js??ruleSet[1].rules[5].oneOf[1].use[3]!../../libs/editor/src/components/App/Grid.module.scss)
Module Warning (from ../../node_modules/sass-loader/dist/cjs.js):
Deprecation Warning on line 2, column 8 of file:///Users/wangfeng/Desktop/projects/label-studio-develop/web/libs/editor/src/assets/styles/global.scss:2:8:
Sass @import rules are deprecated and will be removed in Dart Sass 3.0.0.
More info and automated migrator: https://sass-lang.com/d/import
2 | @import "./mixins";
libs/editor/src/assets/styles/global.scss 3:9        @import
libs/editor/src/components/App/Grid.module.scss 2:9  root stylesheet
 @ ../../libs/editor/src/components/App/Grid.module.scss
 @ ../../libs/editor/src/components/App/Grid.jsx 5:0-40 149:17-33 152:19-30 208:19-30 215:19-31
 @ ../../libs/editor/src/components/App/ViewAll.tsx 5:0-26 46:36-40 54:27-31
 @ ../../libs/editor/src/components/App/App.jsx 49:0-36 186:29-36
 @ ../../libs/editor/src/LabelStudio.tsx 8:0-39 99:31-34 168:27-30
 @ ../../libs/editor/src/index.js 3:0-44 4:21-32 5:15-26 6:0-23
 @ ./src/pages/DataManager/DataManager.jsx
 @ ./src/pages/Projects/Projects.jsx 12:0-61 141:4-19
 @ ./src/pages/index.js 1:0-51 8:53-65
 @ ./src/providers/RoutesProvider.jsx 4:0-33 51:27-32
 @ ./src/app/App.jsx 14:0-61 75:231-245
 @ ./src/main.tsx
WARNING in ../../libs/editor/src/components/App/Grid.module.scss (../../libs/editor/src/components/App/Grid.module.scss.webpack[javascript/auto]!=!../../node_modules/@nx/webpack/node_modules/css-loader/dist/cjs.js??ruleSet[1].rules[5].oneOf[1].use[1]!../../node_modules/@nx/webpack/node_modules/postcss-loader/dist/cjs.js??ruleSet[1].rules[5].oneOf[1].use[2]!../../node_modules/sass-loader/dist/cjs.js??ruleSet[1].rules[5].oneOf[1].use[3]!../../libs/editor/src/components/App/Grid.module.scss)
Module Warning (from ../../node_modules/sass-loader/dist/cjs.js):
Deprecation Warning on line 3, column 8 of file:///Users/wangfeng/Desktop/projects/label-studio-develop/web/libs/editor/src/assets/styles/global.scss:3:8:
Sass @import rules are deprecated and will be removed in Dart Sass 3.0.0.
More info and automated migrator: https://sass-lang.com/d/import
3 | @import "./functions";
libs/editor/src/assets/styles/global.scss 4:9        @import
libs/editor/src/components/App/Grid.module.scss 2:9  root stylesheet
 @ ../../libs/editor/src/components/App/Grid.module.scss
 @ ../../libs/editor/src/components/App/Grid.jsx 5:0-40 149:17-33 152:19-30 208:19-30 215:19-31
 @ ../../libs/editor/src/components/App/ViewAll.tsx 5:0-26 46:36-40 54:27-31
 @ ../../libs/editor/src/components/App/App.jsx 49:0-36 186:29-36
 @ ../../libs/editor/src/Labe



 NX   Running target build for project labelstudio failed

Failed tasks:

- labelstudio:build:production

Hint: run the command with --verbose for more details.

error Command failed with exit code 1.
info Visit https://yarnpkg.com/en/docs/cli/run for documentation about this command.
