
> @humansignal/source@0.0.0 build
> NODE_ENV=production yarn ls:build

yarn run v1.22.22
$ nx run labelstudio:build:production

> nx run labelstudio:build:production

Entrypoint [1mmain[39m[22m = [1m[32mruntime.js[39m[22m [1m[32mvendor.js[39m[22m [1m[32mmain.css[39m[22m [1m[32mmain.js[39m[22m 270 auxiliary assets
chunk (runtime: runtime) [1m[32m88.js[39m[22m (id hint: defaultVendors) 3.46 MiB [1m[32m[rendered][39m[22m [1m[33msplit chunk (cache group: defaultVendors)[39m[22m
chunk (runtime: runtime) [1m[32m99.js[39m[22m 3.17 KiB [1m[32m[rendered][39m[22m
chunk (runtime: runtime) [1m[32mruntime.js[39m[22m (runtime) 14.9 KiB [1m[33m[entry][39m[22m [1m[32m[rendered][39m[22m
chunk (runtime: runtime) [1m[32m144.css[39m[22m, [1m[32m144.js[39m[22m (id hint: defaultVendors) 558 KiB (javascript) 23.5 KiB (css/mini-extract) [1m[32m[rendered][39m[22m [1m[33msplit chunk (cache group: defaultVendors)[39m[22m
chunk (runtime: runtime) [1m[32m453.js[39m[22m (id hint: defaultVendors) 397 KiB [1m[32m[rendered][39m[22m [1m[33msplit chunk (cache group: defaultVendors)[39m[22m
chunk (runtime: runtime) [1m[32mvendor.js[39m[22m (vendor) (id hint: commonVendor) 655 KiB [1m[33m[initial][39m[22m [1m[32m[rendered][39m[22m [1m[33msplit chunk (cache group: commonVendor) (name: vendor)[39m[22m
chunk (runtime: 2e845e9bf867bded) [1m[32m559.js[39m[22m 3.77 KiB [1m[33m[entry][39m[22m [1m[32m[rendered][39m[22m
chunk (runtime: runtime) [1m[32m710.js[39m[22m (id hint: defaultVendors) 187 KiB [1m[32m[rendered][39m[22m [1m[33msplit chunk (cache group: defaultVendors)[39m[22m
chunk (runtime: runtime) [1m[32mmain.css[39m[22m, [1m[32mmain.js[39m[22m (main) 5.45 MiB (javascript) 184 KiB (css/mini-extract) [1m[33m[initial][39m[22m [1m[32m[rendered][39m[22m
chunk (runtime: runtime) [1m[32m943.js[39m[22m 14.2 KiB [1m[32m[rendered][39m[22m
chunk (runtime: runtime) [1m[32m974.css[39m[22m, [1m[32m974.js[39m[22m 996 KiB (javascript) 45 KiB (css/mini-extract) [1m[32m[rendered][39m[22m
chunk (runtime: runtime) [1m[32m985.css[39m[22m, [1m[32m985.js[39m[22m 3.32 MiB (javascript) 4.06 MiB (css/mini-extract) [1m[32m[rendered][39m[22m
[1m[33mWARNING[39m[22m in [1m../../libs/editor/src/components/App/Grid.module.scss[39m[22m (../../libs/editor/src/components/App/Grid.module.scss.webpack[javascript/auto]!=!../../node_modules/@nx/webpack/node_modules/css-loader/dist/cjs.js??ruleSet[1].rules[5].oneOf[1].use[1]!../../node_modules/@nx/webpack/node_modules/postcss-loader/dist/cjs.js??ruleSet[1].rules[5].oneOf[1].use[2]!../../node_modules/sass-loader/dist/cjs.js??ruleSet[1].rules[5].oneOf[1].use[3]!../../libs/editor/src/components/App/Grid.module.scss)
[1mModule Warning (from ../../node_modules/sass-loader/dist/cjs.js):
Deprecation Warning on line 0, column 8 of file:///Users/wangfeng/Desktop/projects/label-studio-develop/web/libs/editor/src/assets/styles/global.scss:0:8:
Sass @import rules are [1m[33mdeprecated[39m[22m[1m and will be removed in Dart Sass 3.0.0.
More info and automated migrator: https://sass-lang.com/d/import
0 | @import "./antd-no-reset";
libs/editor/src/assets/styles/global.scss 1:9        @import
libs/editor/src/components/App/Grid.module.scss 2:9  root stylesheet
[39m[22m
[1m[33mWARNING[39m[22m in [1m../../libs/editor/src/components/App/Grid.module.scss[39m[22m (../../libs/editor/src/components/App/Grid.module.scss.webpack[javascript/auto]!=!../../node_modules/@nx/webpack/node_modules/css-loader/dist/cjs.js??ruleSet[1].rules[5].oneOf[1].use[1]!../../node_modules/@nx/webpack/node_modules/postcss-loader/dist/cjs.js??ruleSet[1].rules[5].oneOf[1].use[2]!../../node_modules/sass-loader/dist/cjs.js??ruleSet[1].rules[5].oneOf[1].use[3]!../../libs/editor/src/components/App/Grid.module.scss)
[1mModule Warning (from ../../node_modules/sass-loader/dist/cjs.js):
Deprecation Warning on line 1, column 8 of file:///Users/wangfeng/Desktop/projects/label-studio-develop/web/libs/editor/src/assets/styles/global.scss:1:8:
Sass @import rules are [1m[33mdeprecated[39m[22m[1m and will be removed in Dart Sass 3.0.0.
More info and automated migrator: https://sass-lang.com/d/import
1 | @import "./variables";
libs/editor/src/assets/styles/global.scss 2:9        @import
libs/editor/src/components/App/Grid.module.scss 2:9  root stylesheet
[39m[22m
[1m[33mWARNING[39m[22m in [1m../../libs/editor/src/components/App/Grid.module.scss[39m[22m (../../libs/editor/src/components/App/Grid.module.scss.webpack[javascript/auto]!=!../../node_modules/@nx/webpack/node_modules/css-loader/dist/cjs.js??ruleSet[1].rules[5].oneOf[1].use[1]!../../node_modules/@nx/webpack/node_modules/postcss-loader/dist/cjs.js??ruleSet[1].rules[5].oneOf[1].use[2]!../../node_modules/sass-loader/dist/cjs.js??ruleSet[1].rules[5].oneOf[1].use[3]!../../libs/editor/src/components/App/Grid.module.scss)
[1mModule Warning (from ../../node_modules/sass-loader/dist/cjs.js):
Deprecation Warning on line 1, column 8 of file:///Users/wangfeng/Desktop/projects/label-studio-develop/web/libs/editor/src/components/App/Grid.module.scss:1:8:
Sass @import rules are [1m[33mdeprecated[39m[22m[1m and will be removed in Dart Sass 3.0.0.
More info and automated migrator: https://sass-lang.com/d/import
1 | @import "../../assets/styles/global";
libs/editor/src/components/App/Grid.module.scss 2:9  root stylesheet
[39m[22m
[1m[33mWARNING[39m[22m in [1m../../libs/editor/src/components/App/Grid.module.scss[39m[22m (../../libs/editor/src/components/App/Grid.module.scss.webpack[javascript/auto]!=!../../node_modules/@nx/webpack/node_modules/css-loader/dist/cjs.js??ruleSet[1].rules[5].oneOf[1].use[1]!../../node_modules/@nx/webpack/node_modules/postcss-loader/dist/cjs.js??ruleSet[1].rules[5].oneOf[1].use[2]!../../node_modules/sass-loader/dist/cjs.js??ruleSet[1].rules[5].oneOf[1].use[3]!../../libs/editor/src/components/App/Grid.module.scss)
[1mModule Warning (from ../../node_modules/sass-loader/dist/cjs.js):
Deprecation Warning on line 2, column 8 of file:///Users/wangfeng/Desktop/projects/label-studio-develop/web/libs/editor/src/assets/styles/global.scss:2:8:
Sass @import rules are [1m[33mdeprecated[39m[22m[1m and will be removed in Dart Sass 3.0.0.
More info and automated migrator: https://sass-lang.com/d/import
2 | @import "./mixins";
libs/editor/src/assets/styles/global.scss 3:9        @import
libs/editor/src/components/App/Grid.module.scss 2:9  root stylesheet
[39m[22m
[1m[33mWARNING[39m[22m in [1m../../libs/editor/src/components/App/Grid.module.scss[39m[22m (../../libs/editor/src/components/App/Grid.module.scss.webpack[javascript/auto]!=!../../node_modules/@nx/webpack/node_modules/css-loader/dist/cjs.js??ruleSet[1].rules[5].oneOf[1].use[1]!../../node_modules/@nx/webpack/node_modules/postcss-loader/dist/cjs.js??ruleSet[1].rules[5].oneOf[1].use[2]!../../node_modules/sass-loader/dist/cjs.js??ruleSet[1].rules[5].oneOf[1].use[3]!../../libs/editor/src/components/App/Grid.module.scss)
[1mModule Warning (from ../../node_modules/sass-loader/dist/cjs.js):
Deprecation Warning on line 3, column 8 of file:///Users/wangfeng/Desktop/projects/label-studio-develop/web/libs/editor/src/assets/styles/global.scss:3:8:
Sass @import rules are [1m[33mdeprecated[39m[22m[1m and will be removed in Dart Sass 3.0.0.
More info and automated migrator: https://sass-lang.com/d/import
3 | @import "./functions";
libs/editor/src/assets/styles/global.scss 4:9        @import
libs/editor/src/components/App/Grid.module.scss 2:9  root stylesheet
[39m[22m
[1m[33mWARNING[39m[22m in [1m../../libs/editor/src/components/App/Grid.module.scss[39m[22m (../../libs/editor/src/components/App/Grid.module.scss.webpack[javascript/auto]!=!../../node_modules/@nx/webpack/node_modules/css-loader/dist/cjs.js??ruleSet[1].rules[5].oneOf[1].use[1]!../../node_modules/@nx/webpack/node_modules/postcss-loader/dist/cjs.js??ruleSet[1].rules[5].oneOf[1].use[2]!../../node_modules/sass-loader/dist/cjs.js??ruleSet[1].rules[5].oneOf[1].use[3]!../../libs/editor/src/components/App/Grid.module.scss)
[1mModule Warning (from ../../node_modules/sass-loader/dist/cjs.js):
Deprecation Warning on line 14, column 2 of file:///Users/wangfeng/Desktop/projects



 NX   Running target build for project labelstudio failed

Failed tasks:

- labelstudio:build:production

Hint: run the command with --verbose for more details.

error Command failed with exit code 1.
info Visit https://yarnpkg.com/en/docs/cli/run for documentation about this command.
